D:\матеріали до курсової\автокад курсач\схема2013.dwg,Лист5,23.05.2021 1:17:13,User,AutoCAD PDF (General Documentation).pc3,ISO без полей A2 (594.00 x 420.00 мм),1:1,
D:\матеріали до курсової\автокад курсач\схема2013.dwg,Лист5,24.05.2021 13:09:29,User,AutoCAD PDF (General Documentation).pc3,ISO без полей A2 (594.00 x 420.00 мм),1:1,
D:\матеріали до курсової\автокад курсач\схема2013.dwg,Лист5,24.05.2021 13:10:31,User,AutoCAD PDF (General Documentation).pc3,ISO без полей A2 (594.00 x 420.00 мм),1:1,
D:\матеріали до курсової\автокад курсач\схема2013.dwg,Лист5,24.05.2021 13:19:14,User,AutoCAD PDF (General Documentation).pc3,ISO без полей A2 (594.00 x 420.00 мм),1:1,
D:\матеріали до курсової\автокад курсач\схема2013.dwg,Лист5,24.05.2021 13:21:11,User,AutoCAD PDF (General Documentation).pc3,ISO без полей A2 (594.00 x 420.00 мм),1:1,
D:\матеріали до курсової\автокад курсач\схема2013.dwg,Лист5,24.05.2021 13:23:26,User,AutoCAD PDF (General Documentation).pc3,ISO без полей A2 (594.00 x 420.00 мм),1:1,
D:\матеріали до курсової\автокад курсач\схема2013.dwg,Лист5,24.05.2021 13:30:37,User,AutoCAD PDF (General Documentation).pc3,ISO без полей A2 (594.00 x 420.00 мм),1:1,
D:\матеріали до курсової\автокад курсач\схема2013.dwg,Лист5,24.05.2021 13:50:00,User,AutoCAD PDF (General Documentation).pc3,ISO без полей A2 (594.00 x 420.00 мм),1:1,
D:\FTOK\lab1\lab1\друкована плата.dwg,Лист1,24.05.2021 20:38:48,User,AutoCAD PDF (General Documentation).pc3,ISO без полей A2 (594.00 x 420.00 мм),1:1,
D:\FTOK\lab1\lab1\друкована плата.dwg,Лист1,24.05.2021 20:40:36,User,DWG To PDF.pc3,ISO без полей A2 (594.00 x 420.00 мм),1:1,
D:\FTOK\lab1\lab1\друкована плата.dwg,Лист1,24.05.2021 20:41:41,User,DWG To PDF.pc3,ISO без полей A2 (594.00 x 420.00 мм),1:1,
D:\FTOK\lab1\lab1\друкована плата.dwg,Лист1,24.05.2021 20:44:40,User,DWG To PDF.pc3,ISO без полей A2 (594.00 x 420.00 мм),1:1,
D:\FTOK\lab1\lab1\друкована плата.dwg,Лист1,24.05.2021 20:45:32,User,AutoCAD PDF (General Documentation).pc3,ISO без полей A2 (594.00 x 420.00 мм),1:1,
D:\FTOK\lab1\lab1\друкована плата.dwg,Лист1,24.05.2021 20:47:18,User,AutoCAD PDF (General Documentation).pc3,ISO без полей A2 (594.00 x 420.00 мм),1:1,
D:\FTOK\lab1\lab1\друкована плата.dwg,Лист1,24.05.2021 21:12:24,User,AutoCAD PDF (General Documentation).pc3,ISO без полей A2 (594.00 x 420.00 мм),1:1,
D:\FTOK\lab1\lab1\друкована плата.dwg,Лист1,24.05.2021 21:37:51,User,AutoCAD PDF (General Documentation).pc3,ISO без полей A2 (594.00 x 420.00 мм),1:1,
D:\FTOK\друкована плата.dwg,Лист1,25.05.2021 19:32:10,User,AutoCAD PDF (General Documentation).pc3,ISO без полей A2 (594.00 x 420.00 мм),1:1,
D:\FTOK\друкована плата.dwg,Лист1,26.05.2021 14:45:14,User,AutoCAD PDF (General Documentation).pc3,ISO без полей A2 (594.00 x 420.00 мм),1:1,
D:\FTOK\Складальне креслення.dwg,Лист1,26.05.2021 15:18:36,User,AutoCAD PDF (General Documentation).pc3,ISO без полей A2 (594.00 x 420.00 мм),1:1,
D:\FTOK\Складальне креслення.dwg,Лист1,26.05.2021 15:20:30,User,AutoCAD PDF (General Documentation).pc3,ISO без полей A2 (594.00 x 420.00 мм),1:1,
D:\FTOK\Складальне креслення.dwg,Лист1,26.05.2021 15:29:49,User,AutoCAD PDF (General Documentation).pc3,ISO без полей A2 (594.00 x 420.00 мм),1:1,
D:\FTOK\Складальне креслення.dwg,Лист1,26.05.2021 16:11:52,User,AutoCAD PDF (General Documentation).pc3,ISO без полей A2 (594.00 x 420.00 мм),1:1,
D:\FTOK\Складальне креслення.dwg,Лист2,02.06.2021 9:09:38,User,AutoCAD PDF (General Documentation).pc3,ISO без полей A2 (594.00 x 420.00 мм),1:1,
