Added Component: Designator=C1(0805)
Add component (AddParameter): Name = "Manufacturer"; Value = "Hitano"; VariantName = "[No Variations]"
Add component (AddParameter): Name = "Package"; Value = "Ñ-0805"; VariantName = "[No Variations]"
Add component (AddParameter): Name = "Temp_Coef"; Value = "X7R"; VariantName = "[No Variations]"
Add component (AddParameter): Name = "Tolerance"; Value = "10%"; VariantName = "[No Variations]"
Add component (AddParameter): Name = "Value"; Value = "1 ìêÔ"; VariantName = "[No Variations]"
Add component (AddParameter): Name = "Voltage"; Value = "50 Â"; VariantName = "[No Variations]"
Added Component: Designator=C2(0805)
Add component (AddParameter): Name = "Manufacturer"; Value = "Hitano"; VariantName = "[No Variations]"
Add component (AddParameter): Name = "Package"; Value = "Ñ-0805"; VariantName = "[No Variations]"
Add component (AddParameter): Name = "Temp_Coef"; Value = "X7R"; VariantName = "[No Variations]"
Add component (AddParameter): Name = "Tolerance"; Value = "10%"; VariantName = "[No Variations]"
Add component (AddParameter): Name = "Value"; Value = "1 ìêÔ"; VariantName = "[No Variations]"
Add component (AddParameter): Name = "Voltage"; Value = "50 Â"; VariantName = "[No Variations]"
Added Component: Designator=C3(0805)
Add component (AddParameter): Name = "Manufacturer"; Value = "Hitano"; VariantName = "[No Variations]"
Add component (AddParameter): Name = "Package"; Value = "Ñ-0805"; VariantName = "[No Variations]"
Add component (AddParameter): Name = "Temp_Coef"; Value = "X7R"; VariantName = "[No Variations]"
Add component (AddParameter): Name = "Tolerance"; Value = "10%"; VariantName = "[No Variations]"
Add component (AddParameter): Name = "Value"; Value = "1 ìêÔ"; VariantName = "[No Variations]"
Add component (AddParameter): Name = "Voltage"; Value = "50 Â"; VariantName = "[No Variations]"
Added Component: Designator=DA1(DIP8)
Add component (AddParameter): Name = "Manufacturer"; Value = "Ýëåêòðîíèêà è ñâÿçü"; VariantName = "[No Variations]"
Add component (AddParameter): Name = "Name"; Value = "ÊÐ1014ÊÒ1À"; VariantName = "[No Variations]"
Added Component: Designator=DD1(SOIC-14)
Add component (AddParameter): Name = "Manufacturer"; Value = "Philips"; VariantName = "[No Variations]"
Add component (AddParameter): Name = "Name"; Value = "74HC86D"; VariantName = "[No Variations]"
Added Component: Designator=DD2(TSSOP-14)
Add component (AddParameter): Name = "Manufacturer"; Value = "NXP"; VariantName = "[No Variations]"
Add component (AddParameter): Name = "Name"; Value = "74HCT74PW"; VariantName = "[No Variations]"
Added Component: Designator=DD3(SOIC-14)
Add component (AddParameter): Name = "Manufacturer"; Value = "TI"; VariantName = "[No Variations]"
Add component (AddParameter): Name = "Name"; Value = "CD74AC02M96"; VariantName = "[No Variations]"
Added Component: Designator=DD4(SOIC-14)
Add component (AddParameter): Name = "Manufacturer"; Value = "Texas Instruments"; VariantName = "[No Variations]"
Add component (AddParameter): Name = "Name"; Value = "SN74HC10QDREP"; VariantName = "[No Variations]"
Added Component: Designator=DD5(SOIC-14)
Add component (AddParameter): Name = "Manufacturer"; Value = "Toshiba"; VariantName = "[No Variations]"
Add component (AddParameter): Name = "Name"; Value = "TC74AC04F"; VariantName = "[No Variations]"
Added Component: Designator=DD6(SOIC-14)
Add component (AddParameter): Name = "Manufacturer"; Value = "Toshiba"; VariantName = "[No Variations]"
Add component (AddParameter): Name = "Name"; Value = "TC74AC04F"; VariantName = "[No Variations]"
Added Component: Designator=DD7(SOIC-14)
Add component (AddParameter): Name = "Manufacturer"; Value = "Texas Instruments"; VariantName = "[No Variations]"
Add component (AddParameter): Name = "Name"; Value = "SN74HC10QDREP"; VariantName = "[No Variations]"
Added Component: Designator=DD8(SOIC-16)
Add component (AddParameter): Name = "Manufacturer"; Value = "Fairchild"; VariantName = "[No Variations]"
Add component (AddParameter): Name = "Name"; Value = "74AC191SC"; VariantName = "[No Variations]"
Add component (AddParameter): Name = "Parameter 1"; Value = ""; VariantName = "[No Variations]"
Added Component: Designator=DD9(SOIC-16)
Add component (AddParameter): Name = "Manufacturer"; Value = "Fairchild"; VariantName = "[No Variations]"
Add component (AddParameter): Name = "Name"; Value = "74AC191SC"; VariantName = "[No Variations]"
Add component (AddParameter): Name = "Parameter 1"; Value = ""; VariantName = "[No Variations]"
Added Component: Designator=DD10(DIP16)
Add component (AddParameter): Name = "Manufacturer"; Value = "NXP"; VariantName = "[No Variations]"
Add component (AddParameter): Name = "Name"; Value = "CD4061A"; VariantName = "[No Variations]"
Added Component: Designator=DD11(SOIC-14)
Add component (AddParameter): Name = "Manufacturer"; Value = "Texas Instruments"; VariantName = "[No Variations]"
Add component (AddParameter): Name = "Name"; Value = "SN74HC10QDREP"; VariantName = "[No Variations]"
Added Component: Designator=DD12(SOIC-16)
Add component (AddParameter): Name = "Manufacturer"; Value = "Fairchild"; VariantName = "[No Variations]"
Add component (AddParameter): Name = "Name"; Value = "74AC191SC"; VariantName = "[No Variations]"
Add component (AddParameter): Name = "Parameter 1"; Value = ""; VariantName = "[No Variations]"
Added Component: Designator=DD13(SOIC-16)
Add component (AddParameter): Name = "Manufacturer"; Value = "Fairchild"; VariantName = "[No Variations]"
Add component (AddParameter): Name = "Name"; Value = "74AC191SC"; VariantName = "[No Variations]"
Add component (AddParameter): Name = "Parameter 1"; Value = ""; VariantName = "[No Variations]"
Added Component: Designator=DD14(SOIC-14)
Add component (AddParameter): Name = "Manufacturer"; Value = "Texas Instruments"; VariantName = "[No Variations]"
Add component (AddParameter): Name = "Name"; Value = "SN74HC10QDREP"; VariantName = "[No Variations]"
Added Component: Designator=R1(0805)
Add component (AddParameter): Name = "Manufacturer"; Value = "Hitano"; VariantName = "[No Variations]"
Add component (AddParameter): Name = "Package"; Value = "R-0805"; VariantName = "[No Variations]"
Add component (AddParameter): Name = "Power"; Value = "0,125 Âò"; VariantName = "[No Variations]"
Add component (AddParameter): Name = "Tolerance"; Value = "5 %"; VariantName = "[No Variations]"
Add component (AddParameter): Name = "Value"; Value = "390 êÎì"; VariantName = "[No Variations]"
Added Component: Designator=R2(0805)
Add component (AddParameter): Name = "Manufacturer"; Value = "Hitano"; VariantName = "[No Variations]"
Add component (AddParameter): Name = "Package"; Value = "R-0805"; VariantName = "[No Variations]"
Add component (AddParameter): Name = "Power"; Value = "0,125 Âò"; VariantName = "[No Variations]"
Add component (AddParameter): Name = "Tolerance"; Value = "5 %"; VariantName = "[No Variations]"
Add component (AddParameter): Name = "Value"; Value = "433,5 êÎì"; VariantName = "[No Variations]"
Added Component: Designator=R3(0805)
Add component (AddParameter): Name = "Manufacturer"; Value = "Hitano"; VariantName = "[No Variations]"
Add component (AddParameter): Name = "Package"; Value = "R-0805"; VariantName = "[No Variations]"
Add component (AddParameter): Name = "Power"; Value = "0,125 Âò"; VariantName = "[No Variations]"
Add component (AddParameter): Name = "Tolerance"; Value = "5 %"; VariantName = "[No Variations]"
Add component (AddParameter): Name = "Value"; Value = "76,5 êÎì"; VariantName = "[No Variations]"
Added Component: Designator=R4(0805)
Add component (AddParameter): Name = "Manufacturer"; Value = "Hitano"; VariantName = "[No Variations]"
Add component (AddParameter): Name = "Package"; Value = "R-0805"; VariantName = "[No Variations]"
Add component (AddParameter): Name = "Power"; Value = "0,125 Âò"; VariantName = "[No Variations]"
Add component (AddParameter): Name = "Tolerance"; Value = "5 %"; VariantName = "[No Variations]"
Add component (AddParameter): Name = "Value"; Value = "39 êÎì"; VariantName = "[No Variations]"
Added Component: Designator=R5(0805)
Add component (AddParameter): Name = "Manufacturer"; Value = "Hitano"; VariantName = "[No Variations]"
Add component (AddParameter): Name = "Package"; Value = "R-0805"; VariantName = "[No Variations]"
Add component (AddParameter): Name = "Power"; Value = "0,125 Âò"; VariantName = "[No Variations]"
Add component (AddParameter): Name = "Tolerance"; Value = "5 %"; VariantName = "[No Variations]"
Add component (AddParameter): Name = "Value"; Value = "100 êÎì"; VariantName = "[No Variations]"
Added Component: Designator=R6(0805)
Add component (AddParameter): Name = "Manufacturer"; Value = "Hitano"; VariantName = "[No Variations]"
Add component (AddParameter): Name = "Package"; Value = "R-0805"; VariantName = "[No Variations]"
Add component (AddParameter): Name = "Power"; Value = "0,125 Âò"; VariantName = "[No Variations]"
Add component (AddParameter): Name = "Tolerance"; Value = "5 %"; VariantName = "[No Variations]"
Add component (AddParameter): Name = "Value"; Value = "82 êÎì"; VariantName = "[No Variations]"
Added Component: Designator=R7(0805)
Add component (AddParameter): Name = "Manufacturer"; Value = "Hitano"; VariantName = "[No Variations]"
Add component (AddParameter): Name = "Package"; Value = "R-0805"; VariantName = "[No Variations]"
Add component (AddParameter): Name = "Power"; Value = "0,125 Âò"; VariantName = "[No Variations]"
Add component (AddParameter): Name = "Tolerance"; Value = "5 %"; VariantName = "[No Variations]"
Add component (AddParameter): Name = "Value"; Value = "82 êÎì"; VariantName = "[No Variations]"
Added Component: Designator=R8(0805)
Add component (AddParameter): Name = "Manufacturer"; Value = "Hitano"; VariantName = "[No Variations]"
Add component (AddParameter): Name = "Package"; Value = "R-0805"; VariantName = "[No Variations]"
Add component (AddParameter): Name = "Power"; Value = "0,125 Âò"; VariantName = "[No Variations]"
Add component (AddParameter): Name = "Tolerance"; Value = "5 %"; VariantName = "[No Variations]"
Add component (AddParameter): Name = "Value"; Value = "100 êÎì"; VariantName = "[No Variations]"
Added Component: Designator=R9(0805)
Add component (AddParameter): Name = "Manufacturer"; Value = "Hitano"; VariantName = "[No Variations]"
Add component (AddParameter): Name = "Package"; Value = "R-0805"; VariantName = "[No Variations]"
Add component (AddParameter): Name = "Power"; Value = "0,125 Âò"; VariantName = "[No Variations]"
Add component (AddParameter): Name = "Tolerance"; Value = "5 %"; VariantName = "[No Variations]"
Add component (AddParameter): Name = "Value"; Value = "100 êÎì"; VariantName = "[No Variations]"
Added Component: Designator=R10(0805)
Add component (AddParameter): Name = "Manufacturer"; Value = "Hitano"; VariantName = "[No Variations]"
Add component (AddParameter): Name = "Package"; Value = "R-0805"; VariantName = "[No Variations]"
Add component (AddParameter): Name = "Power"; Value = "0,125 Âò"; VariantName = "[No Variations]"
Add component (AddParameter): Name = "Tolerance"; Value = "5 %"; VariantName = "[No Variations]"
Add component (AddParameter): Name = "Value"; Value = "100 êÎì"; VariantName = "[No Variations]"
Added Component: Designator=VD1(SOD-323)
Add component (AddParameter): Name = "Manufacturer"; Value = "NXP"; VariantName = "[No Variations]"
Add component (AddParameter): Name = "Name"; Value = "BZX384"; VariantName = "[No Variations]"
Added Component: Designator=VD2(SOD-323)
Add component (AddParameter): Name = "Manufacturer"; Value = "NXP"; VariantName = "[No Variations]"
Add component (AddParameter): Name = "Name"; Value = "BZX384"; VariantName = "[No Variations]"
Added Component: Designator=VD3(SOD-123)
Add component (AddParameter): Name = "Manufacturer"; Value = "Yangjie"; VariantName = "[No Variations]"
Add component (AddParameter): Name = "Name"; Value = "1N4148W"; VariantName = "[No Variations]"
Added Component: Designator=VD4(SOD-123)
Add component (AddParameter): Name = "Manufacturer"; Value = "Yangjie"; VariantName = "[No Variations]"
Add component (AddParameter): Name = "Name"; Value = "1N4148W"; VariantName = "[No Variations]"
Added Component: Designator=VD5(SOD-123)
Add component (AddParameter): Name = "Manufacturer"; Value = "Yangjie"; VariantName = "[No Variations]"
Add component (AddParameter): Name = "Name"; Value = "1N4148W"; VariantName = "[No Variations]"
Added Component: Designator=VD6(SOD-123)
Add component (AddParameter): Name = "Manufacturer"; Value = "Yangjie"; VariantName = "[No Variations]"
Add component (AddParameter): Name = "Name"; Value = "1N4148W"; VariantName = "[No Variations]"
Added Component: Designator=VD7(SOD-123)
Add component (AddParameter): Name = "Manufacturer"; Value = "Yangjie"; VariantName = "[No Variations]"
Add component (AddParameter): Name = "Name"; Value = "1N4148W"; VariantName = "[No Variations]"
Added Component: Designator=VT1(SOT-23)
Add component (AddParameter): Name = "Manufacturer"; Value = "Infineon"; VariantName = "[No Variations]"
Add component (AddParameter): Name = "Name"; Value = "BC856B"; VariantName = "[No Variations]"
Added Component: Designator=XP1(PLS-2)
Add component (AddParameter): Name = "Manufacturer"; Value = "Ningbo Zhenqin Electronic"; VariantName = "[No Variations]"
Add component (AddParameter): Name = "Name"; Value = "DS1021"; VariantName = "[No Variations]"
Added Component: Designator=XP2(PLS-2)
Add component (AddParameter): Name = "Manufacturer"; Value = "Ningbo Zhenqin Electronic"; VariantName = "[No Variations]"
Add component (AddParameter): Name = "Name"; Value = "DS1021"; VariantName = "[No Variations]"
Added Component: Designator=XP3(PLS-2)
Add component (AddParameter): Name = "Manufacturer"; Value = "Ningbo Zhenqin Electronic"; VariantName = "[No Variations]"
Add component (AddParameter): Name = "Name"; Value = "DS1021"; VariantName = "[No Variations]"
Added Pin To Net: NetName=1 Pin=C1-2
Added Pin To Net: NetName=1 Pin=DD1-6
Added Pin To Net: NetName=1 Pin=DD2-3
Added Pin To Net: NetName=1 Pin=DD4-3
Added Pin To Net: NetName=1 Pin=DD4-9
Added Pin To Net: NetName=1 Pin=DD5-1
Added Pin To Net: NetName=1 Pin=DD7-1
Added Pin To Net: NetName=1 Pin=DD8-3
Added Pin To Net: NetName=1 Pin=DD9-14
Added Pin To Net: NetName=1 Pin=DD11-1
Added Pin To Net: NetName=1 Pin=DD12-3
Added Pin To Net: NetName=1 Pin=DD14-10
Added Net: Name=1
Added Pin To Net: NetName=2 Pin=DD4-10
Added Pin To Net: NetName=2 Pin=DD5-3
Added Pin To Net: NetName=2 Pin=DD8-2
Added Pin To Net: NetName=2 Pin=DD8-14
Added Pin To Net: NetName=2 Pin=DD11-2
Added Pin To Net: NetName=2 Pin=DD12-2
Added Pin To Net: NetName=2 Pin=DD14-11
Added Net: Name=2
Added Pin To Net: NetName=3 Pin=DD4-11
Added Pin To Net: NetName=3 Pin=DD4-12
Added Pin To Net: NetName=3 Pin=DD5-5
Added Pin To Net: NetName=3 Pin=DD8-6
Added Pin To Net: NetName=3 Pin=DD9-13
Added Pin To Net: NetName=3 Pin=DD11-13
Added Pin To Net: NetName=3 Pin=DD12-6
Added Net: Name=3
Added Pin To Net: NetName=4 Pin=DD1-3
Added Pin To Net: NetName=4 Pin=DD4-13
Added Pin To Net: NetName=4 Pin=DD5-9
Added Pin To Net: NetName=4 Pin=DD8-13
Added Pin To Net: NetName=4 Pin=DD9-3
Added Pin To Net: NetName=4 Pin=DD12-7
Added Pin To Net: NetName=4 Pin=DD13-14
Added Pin To Net: NetName=4 Pin=DD14-3
Added Net: Name=4
Added Pin To Net: NetName=5 Pin=DD5-11
Added Pin To Net: NetName=5 Pin=DD7-2
Added Pin To Net: NetName=5 Pin=DD9-2
Added Pin To Net: NetName=5 Pin=DD13-3
Added Pin To Net: NetName=5 Pin=DD14-4
Added Net: Name=5
Added Pin To Net: NetName=6 Pin=DD5-13
Added Pin To Net: NetName=6 Pin=DD9-6
Added Pin To Net: NetName=6 Pin=DD13-2
Added Pin To Net: NetName=6 Pin=DD14-5
Added Net: Name=6
Added Pin To Net: NetName=7 Pin=DD4-4
Added Pin To Net: NetName=7 Pin=DD4-5
Added Pin To Net: NetName=7 Pin=DD6-1
Added Pin To Net: NetName=7 Pin=DD7-13
Added Pin To Net: NetName=7 Pin=DD9-7
Added Pin To Net: NetName=7 Pin=DD13-6
Added Pin To Net: NetName=7 Pin=DD14-9
Added Net: Name=7
Added Pin To Net: NetName=8 Pin=DD2-8
Added Pin To Net: NetName=8 Pin=DD2-12
Added Pin To Net: NetName=8 Pin=DD8-4
Added Pin To Net: NetName=8 Pin=DD9-4
Added Net: Name=8
Added Pin To Net: NetName=9 Pin=DD1-11
Added Pin To Net: NetName=9 Pin=DD3-2
Added Pin To Net: NetName=9 Pin=DD3-3
Added Pin To Net: NetName=9 Pin=DD7-4
Added Pin To Net: NetName=9 Pin=DD12-13
Added Pin To Net: NetName=9 Pin=DD13-13
Added Pin To Net: NetName=9 Pin=R5-2
Added Net: Name=9
Added Pin To Net: NetName=GND Pin=DD1-2
Added Pin To Net: NetName=GND Pin=DD1-5
Added Pin To Net: NetName=GND Pin=DD1-7
Added Pin To Net: NetName=GND Pin=DD2-4
Added Pin To Net: NetName=GND Pin=DD2-7
Added Pin To Net: NetName=GND Pin=DD2-10
Added Pin To Net: NetName=GND Pin=DD3-7
Added Pin To Net: NetName=GND Pin=DD4-7
Added Pin To Net: NetName=GND Pin=DD5-7
Added Pin To Net: NetName=GND Pin=DD6-7
Added Pin To Net: NetName=GND Pin=DD7-7
Added Pin To Net: NetName=GND Pin=DD8-8
Added Pin To Net: NetName=GND Pin=DD9-8
Added Pin To Net: NetName=GND Pin=DD10-4
Added Pin To Net: NetName=GND Pin=DD10-11
Added Pin To Net: NetName=GND Pin=DD11-7
Added Pin To Net: NetName=GND Pin=DD12-8
Added Pin To Net: NetName=GND Pin=DD13-8
Added Pin To Net: NetName=GND Pin=R3-1
Added Pin To Net: NetName=GND Pin=R7-2
Added Pin To Net: NetName=GND Pin=R9-2
Added Pin To Net: NetName=GND Pin=R10-1
Added Pin To Net: NetName=GND Pin=VD1-1
Added Pin To Net: NetName=GND Pin=VD2-2
Added Pin To Net: NetName=GND Pin=VT1-2
Added Pin To Net: NetName=GND Pin=XP3-2
Added Net: Name=GND
Added Pin To Net: NetName=NetC1_1 Pin=C1-1
Added Pin To Net: NetName=NetC1_1 Pin=DD1-9
Added Pin To Net: NetName=NetC1_1 Pin=R5-1
Added Net: Name=NetC1_1
Added Pin To Net: NetName=NetC2_1 Pin=C2-1
Added Pin To Net: NetName=NetC2_1 Pin=DD1-8
Added Net: Name=NetC2_1
Added Pin To Net: NetName=NetC2_2 Pin=C2-2
Added Pin To Net: NetName=NetC2_2 Pin=DD1-12
Added Pin To Net: NetName=NetC2_2 Pin=R7-1
Added Net: Name=NetC2_2
Added Pin To Net: NetName=NetC3_1 Pin=C3-1
Added Pin To Net: NetName=NetC3_1 Pin=DD2-6
Added Pin To Net: NetName=NetC3_1 Pin=DD12-4
Added Pin To Net: NetName=NetC3_1 Pin=DD13-4
Added Net: Name=NetC3_1
Added Pin To Net: NetName=NetC3_2 Pin=C3-2
Added Pin To Net: NetName=NetC3_2 Pin=DD2-1
Added Pin To Net: NetName=NetC3_2 Pin=R6-2
Added Pin To Net: NetName=NetC3_2 Pin=VD3-1
Added Net: Name=NetC3_2
Added Pin To Net: NetName=NetDA1_1 Pin=DA1-1
Added Pin To Net: NetName=NetDA1_1 Pin=DD14-6
Added Pin To Net: NetName=NetDA1_1 Pin=DD14-8
Added Pin To Net: NetName=NetDA1_1 Pin=R10-2
Added Pin To Net: NetName=NetDA1_1 Pin=VD6-2
Added Pin To Net: NetName=NetDA1_1 Pin=VD7-2
Added Net: Name=NetDA1_1
Added Pin To Net: NetName=NetDA1_2 Pin=DA1-2
Added Pin To Net: NetName=NetDA1_2 Pin=R1-1
Added Pin To Net: NetName=NetDA1_2 Pin=R2-2
Added Pin To Net: NetName=NetDA1_2 Pin=R4-1
Added Pin To Net: NetName=NetDA1_2 Pin=XP1-1
Added Pin To Net: NetName=NetDA1_2 Pin=XP1-2
Added Pin To Net: NetName=NetDA1_2 Pin=XP2-1
Added Pin To Net: NetName=NetDA1_2 Pin=XP2-2
Added Net: Name=NetDA1_2
Added Pin To Net: NetName=NetDA1_4 Pin=DA1-4
Added Pin To Net: NetName=NetDA1_4 Pin=R4-2
Added Net: Name=NetDA1_4
Added Pin To Net: NetName=NetDD1_1 Pin=DD1-1
Added Pin To Net: NetName=NetDD1_1 Pin=R2-1
Added Pin To Net: NetName=NetDD1_1 Pin=R3-2
Added Pin To Net: NetName=NetDD1_1 Pin=VD2-1
Added Net: Name=NetDD1_1
Added Pin To Net: NetName=NetDD1_4 Pin=DD1-4
Added Pin To Net: NetName=NetDD1_4 Pin=R1-2
Added Pin To Net: NetName=NetDD1_4 Pin=VD1-2
Added Net: Name=NetDD1_4
Added Pin To Net: NetName=NetDD2_5 Pin=DD2-5
Added Pin To Net: NetName=NetDD2_5 Pin=DD6-3
Added Pin To Net: NetName=NetDD2_5 Pin=R6-1
Added Pin To Net: NetName=NetDD2_5 Pin=VD3-2
Added Net: Name=NetDD2_5
Added Pin To Net: NetName=NetDD2_9 Pin=DD2-9
Added Pin To Net: NetName=NetDD2_9 Pin=VD6-1
Added Net: Name=NetDD2_9
Added Pin To Net: NetName=NetDD2_11 Pin=DD2-11
Added Pin To Net: NetName=NetDD2_11 Pin=R8-1
Added Pin To Net: NetName=NetDD2_11 Pin=VT1-3
Added Net: Name=NetDD2_11
Added Pin To Net: NetName=NetDD2_13 Pin=DD2-13
Added Pin To Net: NetName=NetDD2_13 Pin=R9-1
Added Pin To Net: NetName=NetDD2_13 Pin=VD4-2
Added Pin To Net: NetName=NetDD2_13 Pin=VD5-2
Added Net: Name=NetDD2_13
Added Pin To Net: NetName=NetDD3_1 Pin=DD3-1
Added Pin To Net: NetName=NetDD3_1 Pin=DD4-1
Added Net: Name=NetDD3_1
Added Pin To Net: NetName=NetDD4_6 Pin=DD4-6
Added Pin To Net: NetName=NetDD4_6 Pin=VT1-1
Added Net: Name=NetDD4_6
Added Pin To Net: NetName=NetDD4_8 Pin=DD4-8
Added Pin To Net: NetName=NetDD4_8 Pin=DD14-1
Added Pin To Net: NetName=NetDD4_8 Pin=DD14-2
Added Pin To Net: NetName=NetDD4_8 Pin=DD14-13
Added Net: Name=NetDD4_8
Added Pin To Net: NetName=NetDD5_2 Pin=DD5-2
Added Pin To Net: NetName=NetDD5_2 Pin=DD10-1
Added Net: Name=NetDD5_2
Added Pin To Net: NetName=NetDD5_4 Pin=DD5-4
Added Pin To Net: NetName=NetDD5_4 Pin=DD10-2
Added Net: Name=NetDD5_4
Added Pin To Net: NetName=NetDD5_6 Pin=DD5-6
Added Pin To Net: NetName=NetDD5_6 Pin=DD10-3
Added Net: Name=NetDD5_6
Added Pin To Net: NetName=NetDD5_8 Pin=DD5-8
Added Pin To Net: NetName=NetDD5_8 Pin=DD10-6
Added Net: Name=NetDD5_8
Added Pin To Net: NetName=NetDD5_10 Pin=DD5-10
Added Pin To Net: NetName=NetDD5_10 Pin=DD10-7
Added Net: Name=NetDD5_10
Added Pin To Net: NetName=NetDD5_12 Pin=DD5-12
Added Pin To Net: NetName=NetDD5_12 Pin=DD10-9
Added Net: Name=NetDD5_12
Added Pin To Net: NetName=NetDD6_2 Pin=DD6-2
Added Pin To Net: NetName=NetDD6_2 Pin=DD10-10
Added Net: Name=NetDD6_2
Added Pin To Net: NetName=NetDD6_4 Pin=DD6-4
Added Pin To Net: NetName=NetDD6_4 Pin=DD10-15
Added Pin To Net: NetName=NetDD6_4 Pin=DD10-16
Added Net: Name=NetDD6_4
Added Pin To Net: NetName=NetDD6_5 Pin=DD6-5
Added Pin To Net: NetName=NetDD6_5 Pin=DD7-12
Added Net: Name=NetDD6_5
Added Pin To Net: NetName=NetDD6_6 Pin=DD6-6
Added Pin To Net: NetName=NetDD6_6 Pin=VD5-1
Added Net: Name=NetDD6_6
Added Pin To Net: NetName=NetDD7_3 Pin=DD7-3
Added Pin To Net: NetName=NetDD7_3 Pin=DD11-12
Added Net: Name=NetDD7_3
Added Pin To Net: NetName=NetDD7_6 Pin=DD7-6
Added Pin To Net: NetName=NetDD7_6 Pin=VD4-1
Added Net: Name=NetDD7_6
Added Pin To Net: NetName=NetDD10_13 Pin=DD10-13
Added Pin To Net: NetName=NetDD10_13 Pin=DD12-14
Added Net: Name=NetDD10_13
Added Pin To Net: NetName=NetDD14_12 Pin=DD14-12
Added Pin To Net: NetName=NetDD14_12 Pin=VD7-1
Added Net: Name=NetDD14_12
Added Pin To Net: NetName=VCC Pin=DD1-10
Added Pin To Net: NetName=VCC Pin=DD1-13
Added Pin To Net: NetName=VCC Pin=DD1-14
Added Pin To Net: NetName=VCC Pin=DD2-2
Added Pin To Net: NetName=VCC Pin=DD2-14
Added Pin To Net: NetName=VCC Pin=DD3-14
Added Pin To Net: NetName=VCC Pin=DD4-2
Added Pin To Net: NetName=VCC Pin=DD4-14
Added Pin To Net: NetName=VCC Pin=DD5-14
Added Pin To Net: NetName=VCC Pin=DD6-14
Added Pin To Net: NetName=VCC Pin=DD7-5
Added Pin To Net: NetName=VCC Pin=DD7-14
Added Pin To Net: NetName=VCC Pin=DD8-16
Added Pin To Net: NetName=VCC Pin=DD9-16
Added Pin To Net: NetName=VCC Pin=DD10-5
Added Pin To Net: NetName=VCC Pin=DD11-14
Added Pin To Net: NetName=VCC Pin=DD12-16
Added Pin To Net: NetName=VCC Pin=DD13-16
Added Pin To Net: NetName=VCC Pin=R8-2
Added Pin To Net: NetName=VCC Pin=XP3-1
Added Net: Name=VCC
Added Class: Name=Sheet1
Added Room: Name=Sheet1
